<?xml version="1.0" encoding="UTF-8"?>
<!-- Generated by org.testng.reporters.JUnitReportReporter -->
<testsuite hostname="PCIN483708" name="com.pratesting.test.LoginTest" tests="4" failures="0" timestamp="18 May 2021 10:19:27 GMT" time="270.471" errors="0">
  <testcase name="details" time="123.645" classname="com.pratesting.test.LoginTest"/>
  <testcase name="setup" time="6.306" classname="com.pratesting.test.LoginTest"/>
  <testcase name="LoginPage" time="94.361" classname="com.pratesting.test.LoginTest"/>
  <testcase name="mainSpring" time="46.159" classname="com.pratesting.test.LoginTest"/>
</testsuite> <!-- com.pratesting.test.LoginTest -->
